<?xml version="1.0" encoding="UTF-8"?>
<!-- Generated by org.testng.reporters.JUnitReportReporter -->
<testsuite hostname="Puneets-MacBook-Pro.local" failures="0" tests="1" name="script.ValidLogin" time="8.815" errors="0" timestamp="2023-11-08T05:44:12 GMT" skipped="0">
  <testcase classname="script.ValidLogin" name="testValidLogin" time="8.815"/>
  <system-out/>
</testsuite> <!-- script.ValidLogin -->
